<?xml version="1.0" encoding="UTF-8"?>
<testng-results skipped="0" failed="0" total="0" passed="0">
  <reporter-output>
  </reporter-output>
  <suite name="SelWeb.DDTestFramework.AppTest" duration-ms="10" started-at="2016-09-10T23:16:49Z" finished-at="2016-09-10T23:16:49Z">
    <groups>
    </groups>
    <test name="Command line test" duration-ms="10" started-at="2016-09-10T23:16:49Z" finished-at="2016-09-10T23:16:49Z">
    </test> <!-- Command line test -->
  </suite> <!-- SelWeb.DDTestFramework.AppTest -->
</testng-results>
