<?xml version="1.0" encoding="UTF-8"?>
<testng-results skipped="0" failed="0" total="2" passed="2">
  <reporter-output>
  </reporter-output>
  <suite name="Default suite" duration-ms="27886" started-at="2016-09-11T18:10:58Z" finished-at="2016-09-11T18:11:26Z">
    <groups>
    </groups>
    <test name="Default test" duration-ms="27886" started-at="2016-09-11T18:10:58Z" finished-at="2016-09-11T18:11:26Z">
      <class name="testCases.DemoTestA">
        <test-method status="PASS" signature="A1()[pri:0, instance:testCases.DemoTestA@17f23d9]" name="A1" duration-ms="24301" started-at="2016-09-11T23:40:58Z" finished-at="2016-09-11T23:41:22Z">
          <reporter-output>
          </reporter-output>
        </test-method> <!-- A1 -->
        <test-method status="PASS" signature="quit()[pri:0, instance:testCases.DemoTestA@17f23d9]" name="quit" is-config="true" duration-ms="1201" started-at="2016-09-11T23:41:22Z" finished-at="2016-09-11T23:41:24Z">
          <reporter-output>
          </reporter-output>
        </test-method> <!-- quit -->
        <test-method status="PASS" signature="A2()[pri:0, instance:testCases.DemoTestA@17f23d9]" name="A2" duration-ms="2229" started-at="2016-09-11T23:41:24Z" finished-at="2016-09-11T23:41:26Z">
          <reporter-output>
          </reporter-output>
        </test-method> <!-- A2 -->
        <test-method status="PASS" signature="quit()[pri:0, instance:testCases.DemoTestA@17f23d9]" name="quit" is-config="true" duration-ms="129" started-at="2016-09-11T23:41:26Z" finished-at="2016-09-11T23:41:26Z">
          <reporter-output>
          </reporter-output>
        </test-method> <!-- quit -->
      </class> <!-- testCases.DemoTestA -->
    </test> <!-- Default test -->
  </suite> <!-- Default suite -->
</testng-results>
